This is pdfTeX, Version 3.14159265-2.6-1.40.20 (TeX Live 2019/Debian) (preloaded format=pdflatex 2021.12.8)  10 MAR 2022 17:34
entering extended mode
 restricted \write18 enabled.
 %&-line parsing enabled.
**0-2-Summary.tex
(./0-2-Summary.tex
LaTeX2e <2020-02-02> patch level 2
L3 programming layer <2020-02-14>
! Undefined control sequence.
l.1 \chapter
            {Résumé}
The control sequence at the end of the top line
of your error message was never \def'ed. If you have
misspelled it (e.g., `\hobx'), type `I' and the correct
spelling (e.g., `I\hbox'). Otherwise just continue,
and I'll forget about whatever was undefined.


! LaTeX Error: Missing \begin{document}.

See the LaTeX manual or LaTeX Companion for explanation.
Type  H <return>  for immediate help.
 ...                                              
                                                  
l.1 \chapter{R
              ésumé}
You're in trouble here.  Try typing  <return>  to proceed.
If that doesn't work, type  X <return>  to quit.

Missing character: There is no R in font nullfont!
LaTeX Font Info:    Trying to load font information for +cmr on input line 1.
LaTeX Font Info:    No file cmr.fd. on input line 1.

LaTeX Font Warning: Font shape `/cmr/m/n' undefined
(Font)              using `/cmr/m/n' instead on input line 1.

! Corrupted NFSS tables.
wrong@fontshape ...message {Corrupted NFSS tables}
                                                  error@fontshape else let f...
l.1 \chapter{Ré
                sumé}
This error message was generated by an \errmessage
command, so I can't give any explicit help.
Pretend that you're Hercule Poirot: Examine all clues,
and deduce the truth by order and method.


LaTeX Font Warning: Font shape `/cmr/m/n' undefined
(Font)              using `OT1/cmr/m/n' instead on input line 1.

Missing character: There is no s in font nullfont!
Missing character: There is no u in font nullfont!
Missing character: There is no m in font nullfont!

Overfull \hbox (33.8889pt too wide) in paragraph at lines 1--2
[]\/cmr/m/n/10 ^^Se^^Se 
 []

! Undefined control sequence.
l.3 	\section
             {Résumé en français}
The control sequence at the end of the top line
of your error message was never \def'ed. If you have
misspelled it (e.g., `\hobx'), type `I' and the correct
spelling (e.g., `I\hbox'). Otherwise just continue,
and I'll forget about whatever was undefined.


! LaTeX Error: Missing \begin{document}.

See the LaTeX manual or LaTeX Companion for explanation.
Type  H <return>  for immediate help.
 ...                                              
                                                  
l.3 	\section{R
               ésumé en français}
You're in trouble here.  Try typing  <return>  to proceed.
If that doesn't work, type  X <return>  to quit.

Missing character: There is no R in font nullfont!
Missing character: There is no s in font nullfont!
Missing character: There is no u in font nullfont!
Missing character: There is no m in font nullfont!
Missing character: There is no e in font nullfont!
Missing character: There is no n in font nullfont!
Missing character: There is no f in font nullfont!
Missing character: There is no r in font nullfont!
Missing character: There is no a in font nullfont!
Missing character: There is no n in font nullfont!
Missing character: There is no a in font nullfont!
Missing character: There is no i in font nullfont!
Missing character: There is no s in font nullfont!

Overfull \hbox (28.88889pt too wide) in paragraph at lines 3--4
[]\/cmr/m/n/10 ^^Se^^Se
 []


Overfull \hbox (4.44444pt too wide) in paragraph at lines 3--4
\/cmr/m/n/10 ^^Xc 
 []


! LaTeX Error: Missing \begin{document}.

See the LaTeX manual or LaTeX Companion for explanation.
Type  H <return>  for immediate help.
 ...                                              
                                                  
l.5 ...PPLICATION À D'AUTRES SATELLITES DE GLACE}
                                                  
You're in trouble here.  Try typing  <return>  to proceed.
If that doesn't work, type  X <return>  to quit.


Overfull \hbox (114.52725pt too wide) in paragraph at lines 5--6
[]\OT1/cmr/bx/n/10 MOD[]ELISATION,
 []


Overfull \hbox (24.22209pt too wide) in paragraph at lines 5--6
\OT1/cmr/bx/n/10 PAR
 []


Overfull \hbox (15.61102pt too wide) in paragraph at lines 5--6
\OT1/cmr/bx/n/10 LA
 []


Overfull \hbox (60.48578pt too wide) in paragraph at lines 5--6
\OT1/cmr/bx/n/10 M[]ETHODE
 []


Overfull \hbox (26.4443pt too wide) in paragraph at lines 5--6
\OT1/cmr/bx/n/10 SPH,
 []


Overfull \hbox (101.69388pt too wide) in paragraph at lines 5--6
\OT1/cmr/bx/n/10 D'[]ECOULEMENTS
 []


Overfull \hbox (23.74986pt too wide) in paragraph at lines 5--6
\OT1/cmr/bx/n/10 LIQ-
 []


Overfull \hbox (35.97202pt too wide) in paragraph at lines 5--6
\OT1/cmr/bx/n/10 UIDES
 []


Overfull \hbox (8.6944pt too wide) in paragraph at lines 5--6
[]\OT1/cmr/bx/n/10 A
 []


Overfull \hbox (15.61102pt too wide) in paragraph at lines 5--6
\OT1/cmr/bx/n/10 LA
 []


Overfull \hbox (27.69429pt too wide) in paragraph at lines 5--6
\OT1/cmr/bx/n/10 SUR-
 []


Overfull \hbox (30.19427pt too wide) in paragraph at lines 5--6
\OT1/cmr/bx/n/10 FACE
 []


Overfull \hbox (16.37491pt too wide) in paragraph at lines 5--6
\OT1/cmr/bx/n/10 DE
 []


Overfull \hbox (16.19435pt too wide) in paragraph at lines 5--6
\OT1/cmr/bx/n/10 TI-
 []


Overfull \hbox (24.73598pt too wide) in paragraph at lines 5--6
\OT1/cmr/bx/n/10 TAN
 []


Overfull \hbox (5.74997pt too wide) in paragraph at lines 5--6
\OT1/cmr/bx/n/10 --
 []


Overfull \hbox (20.38878pt too wide) in paragraph at lines 5--6
\OT1/cmr/bx/n/10 AP-
 []


Overfull \hbox (22.97209pt too wide) in paragraph at lines 5--6
\OT1/cmr/bx/n/10 PLI-
 []


Overfull \hbox (20.83322pt too wide) in paragraph at lines 5--6
\OT1/cmr/bx/n/10 CA-
 []


Overfull \hbox (29.99983pt too wide) in paragraph at lines 5--6
\OT1/cmr/bx/n/10 TION
 []


Overfull \hbox (8.6944pt too wide) in paragraph at lines 5--6
[]\OT1/cmr/bx/n/10 A
 []


Overfull \hbox (59.80522pt too wide) in paragraph at lines 5--6
\OT1/cmr/bx/n/10 D'AUTRES
 []


Overfull \hbox (40.43033pt too wide) in paragraph at lines 5--6
\OT1/cmr/bx/n/10 SATEL-
 []


Overfull \hbox (33.22203pt too wide) in paragraph at lines 5--6
\OT1/cmr/bx/n/10 LITES
 []


Overfull \hbox (16.37491pt too wide) in paragraph at lines 5--6
\OT1/cmr/bx/n/10 DE
 []


Overfull \hbox (40.19421pt too wide) in paragraph at lines 5--6
\OT1/cmr/bx/n/10 GLACE 
 []


! LaTeX Error: Missing \begin{document}.

See the LaTeX manual or LaTeX Companion for explanation.
Type  H <return>  for immediate help.
 ...                                              
                                                  
l.7 	I
      ci commence le résumé...
You're in trouble here.  Try typing  <return>  to proceed.
If that doesn't work, type  X <return>  to quit.

Missing character: There is no I in font nullfont!
Missing character: There is no c in font nullfont!
Missing character: There is no i in font nullfont!
Missing character: There is no c in font nullfont!
Missing character: There is no o in font nullfont!
Missing character: There is no m in font nullfont!
Missing character: There is no m in font nullfont!
Missing character: There is no e in font nullfont!
Missing character: There is no n in font nullfont!
Missing character: There is no c in font nullfont!
Missing character: There is no e in font nullfont!
Missing character: There is no l in font nullfont!
Missing character: There is no e in font nullfont!
Missing character: There is no r in font nullfont!
Missing character: There is no s in font nullfont!
Missing character: There is no u in font nullfont!
Missing character: There is no m in font nullfont!
Missing character: There is no . in font nullfont!
Missing character: There is no . in font nullfont!
Missing character: There is no . in font nullfont!

Overfull \hbox (20.0pt too wide) in paragraph at lines 7--8
[]
 []


Overfull \hbox (8.88889pt too wide) in paragraph at lines 7--8
\/cmr/m/n/10 ^^Se^^Se 
 []

! Undefined control sequence.
l.9 	\section
             {English summary}
The control sequence at the end of the top line
of your error message was never \def'ed. If you have
misspelled it (e.g., `\hobx'), type `I' and the correct
spelling (e.g., `I\hbox'). Otherwise just continue,
and I'll forget about whatever was undefined.


! LaTeX Error: Missing \begin{document}.

See the LaTeX manual or LaTeX Companion for explanation.
Type  H <return>  for immediate help.
 ...                                              
                                                  
l.9 	\section{E
               nglish summary}
You're in trouble here.  Try typing  <return>  to proceed.
If that doesn't work, type  X <return>  to quit.

Missing character: There is no E in font nullfont!
Missing character: There is no n in font nullfont!
Missing character: There is no g in font nullfont!
Missing character: There is no l in font nullfont!
Missing character: There is no i in font nullfont!
Missing character: There is no s in font nullfont!
Missing character: There is no h in font nullfont!
Missing character: There is no s in font nullfont!
Missing character: There is no u in font nullfont!
Missing character: There is no m in font nullfont!
Missing character: There is no m in font nullfont!
Missing character: There is no a in font nullfont!
Missing character: There is no r in font nullfont!
Missing character: There is no y in font nullfont!

Overfull \hbox (20.0pt too wide) in paragraph at lines 9--10
[]
 []


! LaTeX Error: Missing \begin{document}.

See the LaTeX manual or LaTeX Companion for explanation.
Type  H <return>  for immediate help.
 ...                                              
                                                  
l.11 ...AN -- APPLICATION TO OTHER ICE SATELLITES}
                                                  
You're in trouble here.  Try typing  <return>  to proceed.
If that doesn't work, type  X <return>  to quit.


Overfull \hbox (43.24988pt too wide) in paragraph at lines 11--12
[]\OT1/cmr/bx/n/10 SPH
 []


Overfull \hbox (52.93027pt too wide) in paragraph at lines 11--12
\OT1/cmr/bx/n/10 METHOD
 []


Overfull \hbox (32.20816pt too wide) in paragraph at lines 11--12
\OT1/cmr/bx/n/10 MOD-
 []


Overfull \hbox (43.79141pt too wide) in paragraph at lines 11--12
\OT1/cmr/bx/n/10 ELLING
 []


Overfull \hbox (15.87491pt too wide) in paragraph at lines 11--12
\OT1/cmr/bx/n/10 OF
 []


Overfull \hbox (23.74986pt too wide) in paragraph at lines 11--12
\OT1/cmr/bx/n/10 LIQ-
 []


Overfull \hbox (22.02765pt too wide) in paragraph at lines 11--12
\OT1/cmr/bx/n/10 UID
 []


Overfull \hbox (40.74977pt too wide) in paragraph at lines 11--12
\OT1/cmr/bx/n/10 FLOWS
 []


Overfull \hbox (17.6388pt too wide) in paragraph at lines 11--12
\OT1/cmr/bx/n/10 ON
 []


Overfull \hbox (24.55542pt too wide) in paragraph at lines 11--12
\OT1/cmr/bx/n/10 THE
 []


Overfull \hbox (27.69429pt too wide) in paragraph at lines 11--12
\OT1/cmr/bx/n/10 SUR-
 []


Overfull \hbox (30.19427pt too wide) in paragraph at lines 11--12
\OT1/cmr/bx/n/10 FACE
 []


Overfull \hbox (15.87491pt too wide) in paragraph at lines 11--12
\OT1/cmr/bx/n/10 OF
 []


Overfull \hbox (16.19435pt too wide) in paragraph at lines 11--12
\OT1/cmr/bx/n/10 TI-
 []


Overfull \hbox (24.73598pt too wide) in paragraph at lines 11--12
\OT1/cmr/bx/n/10 TAN
 []


Overfull \hbox (5.74997pt too wide) in paragraph at lines 11--12
\OT1/cmr/bx/n/10 --
 []


Overfull \hbox (20.38878pt too wide) in paragraph at lines 11--12
\OT1/cmr/bx/n/10 AP-
 []


Overfull \hbox (22.97209pt too wide) in paragraph at lines 11--12
\OT1/cmr/bx/n/10 PLI-
 []


Overfull \hbox (20.83322pt too wide) in paragraph at lines 11--12
\OT1/cmr/bx/n/10 CA-
 []


Overfull \hbox (29.99983pt too wide) in paragraph at lines 11--12
\OT1/cmr/bx/n/10 TION
 []


Overfull \hbox (16.6388pt too wide) in paragraph at lines 11--12
\OT1/cmr/bx/n/10 TO
 []


Overfull \hbox (41.81921pt too wide) in paragraph at lines 11--12
\OT1/cmr/bx/n/10 OTHER
 []


Overfull \hbox (20.2221pt too wide) in paragraph at lines 11--12
\OT1/cmr/bx/n/10 ICE
 []


Overfull \hbox (40.43033pt too wide) in paragraph at lines 11--12
\OT1/cmr/bx/n/10 SATEL-
 []


Overfull \hbox (33.22203pt too wide) in paragraph at lines 11--12
\OT1/cmr/bx/n/10 LITES 
 []


! LaTeX Error: Missing \begin{document}.

See the LaTeX manual or LaTeX Companion for explanation.
Type  H <return>  for immediate help.
 ...                                              
                                                  
l.13 	H
       ere begins the summary...
You're in trouble here.  Try typing  <return>  to proceed.
If that doesn't work, type  X <return>  to quit.

Missing character: There is no H in font nullfont!
Missing character: There is no e in font nullfont!
Missing character: There is no r in font nullfont!
Missing character: There is no e in font nullfont!
Missing character: There is no b in font nullfont!
Missing character: There is no e in font nullfont!
Missing character: There is no g in font nullfont!
Missing character: There is no i in font nullfont!
Missing character: There is no n in font nullfont!
Missing character: There is no s in font nullfont!
Missing character: There is no t in font nullfont!
Missing character: There is no h in font nullfont!
Missing character: There is no e in font nullfont!
Missing character: There is no s in font nullfont!
Missing character: There is no u in font nullfont!
Missing character: There is no m in font nullfont!
Missing character: There is no m in font nullfont!
Missing character: There is no a in font nullfont!
Missing character: There is no r in font nullfont!
Missing character: There is no y in font nullfont!
Missing character: There is no . in font nullfont!
Missing character: There is no . in font nullfont!
Missing character: There is no . in font nullfont!
)
! Emergency stop.
<*> 0-2-Summary.tex
                   
*** (job aborted, no legal \end found)

 
Here is how much of TeX's memory you used:
 32 strings out of 481239
 538 string characters out of 5920377
 237564 words of memory out of 5000000
 15398 multiletter control sequences out of 15000+600000
 532646 words of font info for 25 fonts, out of 8000000 for 9000
 1141 hyphenation exceptions out of 8191
 17i,1n,16p,173b,91s stack positions out of 5000i,500n,10000p,200000b,80000s
!  ==> Fatal error occurred, no output PDF file produced!
